# JRE version: Java(TM) SE Runtime Environment (8.0_73-b02) (build 1.8.0_73-b02)
# Java VM: Java HotSpot(TM) 64-Bit Server VM (25.73-b02 mixed mode bsd-amd64 compressed oops)
Heap:
 PSYoungGen      total 74752K, used 2799K [0x000000076ab00000, 0x0000000770f80000, 0x00000007c0000000)
  eden space 64000K, 4% used [0x000000076ab00000,0x000000076ad83c58,0x000000076e980000)
  from space 10752K, 2% used [0x000000076eb00000,0x000000076eb38000,0x000000076f580000)
  to   space 19456K, 0% used [0x000000076fc80000,0x000000076fc80000,0x0000000770f80000)
 ParOldGen       total 86528K, used 15383K [0x00000006c0000000, 0x00000006c5480000, 0x000000076ab00000)
  object space 86528K, 17% used [0x00000006c0000000,0x00000006c0f05fc8,0x00000006c5480000)
 Metaspace       used 21157K, capacity 21337K, committed 21552K, reserved 1069056K
  class space    used 2063K, capacity 2113K, committed 2176K, reserved 1048576K
GC Heap History (10 events):
Event: 9.033 GC heap before
{Heap before GC invocations=2 (full 0):
 PSYoungGen      total 76288K, used 74379K [0x000000076ab00000, 0x0000000770000000, 0x00000007c0000000)
  eden space 65536K, 100% used [0x000000076ab00000,0x000000076eb00000,0x000000076eb00000)
  from space 10752K, 82% used [0x000000076eb00000,0x000000076f3a2fd8,0x000000076f580000)
  to   space 10752K, 0% used [0x000000076f580000,0x000000076f580000,0x0000000770000000)
 ParOldGen       total 175104K, used 88K [0x00000006c0000000, 0x00000006cab00000, 0x000000076ab00000)
  object space 175104K, 0% used [0x00000006c0000000,0x00000006c0016010,0x00000006cab00000)
 Metaspace       used 20975K, capacity 21139K, committed 21296K, reserved 1069056K
  class space    used 2056K, capacity 2112K, committed 2176K, reserved 1048576K
Event: 9.045 GC heap after
Heap after GC invocations=2 (full 0):
 PSYoungGen      total 76288K, used 10749K [0x000000076ab00000, 0x0000000770000000, 0x00000007c0000000)
  eden space 65536K, 0% used [0x000000076ab00000,0x000000076ab00000,0x000000076eb00000)
  from space 10752K, 99% used [0x000000076f580000,0x000000076ffff530,0x0000000770000000)
  to   space 10752K, 0% used [0x000000076eb00000,0x000000076eb00000,0x000000076f580000)
 ParOldGen       total 175104K, used 4806K [0x00000006c0000000, 0x00000006cab00000, 0x000000076ab00000)
  object space 175104K, 2% used [0x00000006c0000000,0x00000006c04b19c0,0x00000006cab00000)
 Metaspace       used 20975K, capacity 21139K, committed 21296K, reserved 1069056K
  class space    used 2056K, capacity 2112K, committed 2176K, reserved 1048576K
}
Event: 9.914 GC heap before
{Heap before GC invocations=3 (full 0):
 PSYoungGen      total 76288K, used 16673K [0x000000076ab00000, 0x0000000770000000, 0x00000007c0000000)
  eden space 65536K, 9% used [0x000000076ab00000,0x000000076b0c9150,0x000000076eb00000)
  from space 10752K, 99% used [0x000000076f580000,0x000000076ffff530,0x0000000770000000)
  to   space 10752K, 0% used [0x000000076eb00000,0x000000076eb00000,0x000000076f580000)
 ParOldGen       total 175104K, used 4806K [0x00000006c0000000, 0x00000006cab00000, 0x000000076ab00000)
  object space 175104K, 2% used [0x00000006c0000000,0x00000006c04b19c0,0x00000006cab00000)
 Metaspace       used 20999K, capacity 21139K, committed 21296K, reserved 1069056K
  class space    used 2056K, capacity 2112K, committed 2176K, reserved 1048576K
Event: 9.922 GC heap after
Heap after GC invocations=3 (full 0):
 PSYoungGen      total 76288K, used 10749K [0x000000076ab00000, 0x0000000770000000, 0x00000007c0000000)
  eden space 65536K, 0% used [0x000000076ab00000,0x000000076ab00000,0x000000076eb00000)
  from space 10752K, 99% used [0x000000076eb00000,0x000000076f57f530,0x000000076f580000)
  to   space 10752K, 0% used [0x000000076f580000,0x000000076f580000,0x0000000770000000)
 ParOldGen       total 175104K, used 4878K [0x00000006c0000000, 0x00000006cab00000, 0x000000076ab00000)
  object space 175104K, 2% used [0x00000006c0000000,0x00000006c04c39c0,0x00000006cab00000)
 Metaspace       used 20999K, capacity 21139K, committed 21296K, reserved 1069056K
  class space    used 2056K, capacity 2112K, committed 2176K, reserved 1048576K
}
Event: 9.922 GC heap before
{Heap before GC invocations=4 (full 1):
 PSYoungGen      total 76288K, used 10749K [0x000000076ab00000, 0x0000000770000000, 0x00000007c0000000)
  eden space 65536K, 0% used [0x000000076ab00000,0x000000076ab00000,0x000000076eb00000)
  from space 10752K, 99% used [0x000000076eb00000,0x000000076f57f530,0x000000076f580000)
  to   space 10752K, 0% used [0x000000076f580000,0x000000076f580000,0x0000000770000000)
 ParOldGen       total 175104K, used 4878K [0x00000006c0000000, 0x00000006cab00000, 0x000000076ab00000)
  object space 175104K, 2% used [0x00000006c0000000,0x00000006c04c39c0,0x00000006cab00000)
 Metaspace       used 20999K, capacity 21139K, committed 21296K, reserved 1069056K
  class space    used 2056K, capacity 2112K, committed 2176K, reserved 1048576K
Event: 9.963 GC heap after
Heap after GC invocations=4 (full 1):
 PSYoungGen      total 76288K, used 0K [0x000000076ab00000, 0x0000000770000000, 0x00000007c0000000)
  eden space 65536K, 0% used [0x000000076ab00000,0x000000076ab00000,0x000000076eb00000)
  from space 10752K, 0% used [0x000000076eb00000,0x000000076eb00000,0x000000076f580000)
  to   space 10752K, 0% used [0x000000076f580000,0x000000076f580000,0x0000000770000000)
 ParOldGen       total 86528K, used 15367K [0x00000006c0000000, 0x00000006c5480000, 0x000000076ab00000)
  object space 86528K, 17% used [0x00000006c0000000,0x00000006c0f01fc8,0x00000006c5480000)
 Metaspace       used 20999K, capacity 21139K, committed 21296K, reserved 1069056K
  class space    used 2056K, capacity 2112K, committed 2176K, reserved 1048576K
}
Event: 24.115 GC heap before
{Heap before GC invocations=5 (full 1):
 PSYoungGen      total 76288K, used 65536K [0x000000076ab00000, 0x0000000770000000, 0x00000007c0000000)
  eden space 65536K, 100% used [0x000000076ab00000,0x000000076eb00000,0x000000076eb00000)
  from space 10752K, 0% used [0x000000076eb00000,0x000000076eb00000,0x000000076f580000)
  to   space 10752K, 0% used [0x000000076f580000,0x000000076f580000,0x0000000770000000)
 ParOldGen       total 86528K, used 15367K [0x00000006c0000000, 0x00000006c5480000, 0x000000076ab00000)
  object space 86528K, 17% used [0x00000006c0000000,0x00000006c0f01fc8,0x00000006c5480000)
 Metaspace       used 21108K, capacity 21267K, committed 21552K, reserved 1069056K
  class space    used 2056K, capacity 2112K, committed 2176K, reserved 1048576K
Event: 24.116 GC heap after
Heap after GC invocations=5 (full 1):
 PSYoungGen      total 76288K, used 224K [0x000000076ab00000, 0x0000000770000000, 0x00000007c0000000)
  eden space 65536K, 0% used [0x000000076ab00000,0x000000076ab00000,0x000000076eb00000)
  from space 10752K, 2% used [0x000000076f580000,0x000000076f5b8000,0x0000000770000000)
  to   space 10752K, 0% used [0x000000076eb00000,0x000000076eb00000,0x000000076f580000)
 ParOldGen       total 86528K, used 15375K [0x00000006c0000000, 0x00000006c5480000, 0x000000076ab00000)
  object space 86528K, 17% used [0x00000006c0000000,0x00000006c0f03fc8,0x00000006c5480000)
 Metaspace       used 21108K, capacity 21267K, committed 21552K, reserved 1069056K
  class space    used 2056K, capacity 2112K, committed 2176K, reserved 1048576K
}
Event: 38.417 GC heap before
{Heap before GC invocations=6 (full 1):
 PSYoungGen      total 76288K, used 65760K [0x000000076ab00000, 0x0000000770000000, 0x00000007c0000000)
  eden space 65536K, 100% used [0x000000076ab00000,0x000000076eb00000,0x000000076eb00000)
  from space 10752K, 2% used [0x000000076f580000,0x000000076f5b8000,0x0000000770000000)
  to   space 10752K, 0% used [0x000000076eb00000,0x000000076eb00000,0x000000076f580000)
 ParOldGen       total 86528K, used 15375K [0x00000006c0000000, 0x00000006c5480000, 0x000000076ab00000)
  object space 86528K, 17% used [0x00000006c0000000,0x00000006c0f03fc8,0x00000006c5480000)
 Metaspace       used 21132K, capacity 21337K, committed 21552K, reserved 1069056K
  class space    used 2058K, capacity 2113K, committed 2176K, reserved 1048576K
Event: 38.419 GC heap after
Heap after GC invocations=6 (full 1):
 PSYoungGen      total 74752K, used 224K [0x000000076ab00000, 0x0000000770f80000, 0x00000007c0000000)
  eden space 64000K, 0% used [0x000000076ab00000,0x000000076ab00000,0x000000076e980000)
  from space 10752K, 2% used [0x000000076eb00000,0x000000076eb38000,0x000000076f580000)
  to   space 19456K, 0% used [0x000000076fc80000,0x000000076fc80000,0x0000000770f80000)
 ParOldGen       total 86528K, used 15383K [0x00000006c0000000, 0x00000006c5480000, 0x000000076ab00000)
  object space 86528K, 17% used [0x00000006c0000000,0x00000006c0f05fc8,0x00000006c5480000)
 Metaspace       used 21132K, capacity 21337K, committed 21552K, reserved 1069056K
  class space    used 2058K, capacity 2113K, committed 2176K, reserved 1048576K
}

